<?xml version="1.0" encoding="UTF-8"?>
<testsuite xmlns:xsi="http://www.w3.org/2001/XMLSchema-instance" xsi:noNamespaceSchemaLocation="https://maven.apache.org/surefire/maven-surefire-plugin/xsd/surefire-test-report-3.0.xsd" version="3.0" name="giancarlo.beastdeck.backend.controller.CombateHabilidadesCTest" time="0.044" tests="4" errors="0" skipped="0" failures="0">
  <properties>
    <property name="java.specification.version" value="23"/>
    <property name="sun.cpu.isalist" value="amd64"/>
    <property name="sun.jnu.encoding" value="Cp1252"/>
    <property name="java.class.path" value="C:\Users\gian7\Desktop\Beastdeck\target\test-classes;C:\Users\gian7\Desktop\Beastdeck\target\classes;C:\Users\gian7\.m2\repository\org\openjfx\javafx-controls\21\javafx-controls-21.jar;C:\Users\gian7\.m2\repository\org\openjfx\javafx-controls\21\javafx-controls-21-win.jar;C:\Users\gian7\.m2\repository\org\openjfx\javafx-graphics\21\javafx-graphics-21.jar;C:\Users\gian7\.m2\repository\org\openjfx\javafx-graphics\21\javafx-graphics-21-win.jar;C:\Users\gian7\.m2\repository\org\openjfx\javafx-base\21\javafx-base-21.jar;C:\Users\gian7\.m2\repository\org\openjfx\javafx-base\21\javafx-base-21-win.jar;C:\Users\gian7\.m2\repository\org\openjfx\javafx-fxml\21\javafx-fxml-21.jar;C:\Users\gian7\.m2\repository\org\openjfx\javafx-fxml\21\javafx-fxml-21-win.jar;C:\Users\gian7\.m2\repository\org\controlsfx\controlsfx\11.2.0\controlsfx-11.2.0.jar;C:\Users\gian7\.m2\repository\org\mockito\mockito-core\2.21.0\mockito-core-2.21.0.jar;C:\Users\gian7\.m2\repository\net\bytebuddy\byte-buddy\1.8.15\byte-buddy-1.8.15.jar;C:\Users\gian7\.m2\repository\net\bytebuddy\byte-buddy-agent\1.8.15\byte-buddy-agent-1.8.15.jar;C:\Users\gian7\.m2\repository\org\objenesis\objenesis\2.6\objenesis-2.6.jar;C:\Users\gian7\.m2\repository\org\junit\jupiter\junit-jupiter-api\5.6.3\junit-jupiter-api-5.6.3.jar;C:\Users\gian7\.m2\repository\org\apiguardian\apiguardian-api\1.1.0\apiguardian-api-1.1.0.jar;C:\Users\gian7\.m2\repository\org\opentest4j\opentest4j\1.2.0\opentest4j-1.2.0.jar;C:\Users\gian7\.m2\repository\org\junit\platform\junit-platform-commons\1.6.3\junit-platform-commons-1.6.3.jar;C:\Users\gian7\.m2\repository\org\junit\jupiter\junit-jupiter-engine\5.6.3\junit-jupiter-engine-5.6.3.jar;C:\Users\gian7\.m2\repository\org\junit\platform\junit-platform-engine\1.6.3\junit-platform-engine-1.6.3.jar;C:\Users\gian7\.m2\repository\org\xerial\sqlite-jdbc\3.45.2.0\sqlite-jdbc-3.45.2.0.jar;C:\Users\gian7\.m2\repository\org\slf4j\slf4j-api\1.7.36\slf4j-api-1.7.36.jar;"/>
    <property name="java.vm.vendor" value="Oracle Corporation"/>
    <property name="sun.arch.data.model" value="64"/>
    <property name="user.variant" value=""/>
    <property name="java.vendor.url" value="https://java.oracle.com/"/>
    <property name="user.timezone" value="Atlantic/Canary"/>
    <property name="os.name" value="Windows 10"/>
    <property name="java.vm.specification.version" value="23"/>
    <property name="user.country" value="MX"/>
    <property name="sun.java.launcher" value="SUN_STANDARD"/>
    <property name="sun.boot.library.path" value="C:\Users\gian7\Documents\Oracle_JDK-23\bin"/>
    <property name="sun.java.command" value="C:\Users\gian7\AppData\Local\Temp\surefire18437480728746846600\surefirebooter15652066211313429764.jar C:\Users\gian7\AppData\Local\Temp\surefire18437480728746846600 2025-04-02T00-08-09_974-jvmRun1 surefire4788847128230601181tmp surefire_010431281238238883151tmp"/>
    <property name="jdk.debug" value="release"/>
    <property name="test" value="giancarlo.beastdeck.backend.controller.CombateHabilidadesCTest"/>
    <property name="surefire.test.class.path" value="C:\Users\gian7\Desktop\Beastdeck\target\test-classes;C:\Users\gian7\Desktop\Beastdeck\target\classes;C:\Users\gian7\.m2\repository\org\openjfx\javafx-controls\21\javafx-controls-21.jar;C:\Users\gian7\.m2\repository\org\openjfx\javafx-controls\21\javafx-controls-21-win.jar;C:\Users\gian7\.m2\repository\org\openjfx\javafx-graphics\21\javafx-graphics-21.jar;C:\Users\gian7\.m2\repository\org\openjfx\javafx-graphics\21\javafx-graphics-21-win.jar;C:\Users\gian7\.m2\repository\org\openjfx\javafx-base\21\javafx-base-21.jar;C:\Users\gian7\.m2\repository\org\openjfx\javafx-base\21\javafx-base-21-win.jar;C:\Users\gian7\.m2\repository\org\openjfx\javafx-fxml\21\javafx-fxml-21.jar;C:\Users\gian7\.m2\repository\org\openjfx\javafx-fxml\21\javafx-fxml-21-win.jar;C:\Users\gian7\.m2\repository\org\controlsfx\controlsfx\11.2.0\controlsfx-11.2.0.jar;C:\Users\gian7\.m2\repository\org\mockito\mockito-core\2.21.0\mockito-core-2.21.0.jar;C:\Users\gian7\.m2\repository\net\bytebuddy\byte-buddy\1.8.15\byte-buddy-1.8.15.jar;C:\Users\gian7\.m2\repository\net\bytebuddy\byte-buddy-agent\1.8.15\byte-buddy-agent-1.8.15.jar;C:\Users\gian7\.m2\repository\org\objenesis\objenesis\2.6\objenesis-2.6.jar;C:\Users\gian7\.m2\repository\org\junit\jupiter\junit-jupiter-api\5.6.3\junit-jupiter-api-5.6.3.jar;C:\Users\gian7\.m2\repository\org\apiguardian\apiguardian-api\1.1.0\apiguardian-api-1.1.0.jar;C:\Users\gian7\.m2\repository\org\opentest4j\opentest4j\1.2.0\opentest4j-1.2.0.jar;C:\Users\gian7\.m2\repository\org\junit\platform\junit-platform-commons\1.6.3\junit-platform-commons-1.6.3.jar;C:\Users\gian7\.m2\repository\org\junit\jupiter\junit-jupiter-engine\5.6.3\junit-jupiter-engine-5.6.3.jar;C:\Users\gian7\.m2\repository\org\junit\platform\junit-platform-engine\1.6.3\junit-platform-engine-1.6.3.jar;C:\Users\gian7\.m2\repository\org\xerial\sqlite-jdbc\3.45.2.0\sqlite-jdbc-3.45.2.0.jar;C:\Users\gian7\.m2\repository\org\slf4j\slf4j-api\1.7.36\slf4j-api-1.7.36.jar;"/>
    <property name="sun.cpu.endian" value="little"/>
    <property name="user.home" value="C:\Users\gian7"/>
    <property name="user.language" value="es"/>
    <property name="java.specification.vendor" value="Oracle Corporation"/>
    <property name="java.version.date" value="2025-01-21"/>
    <property name="java.home" value="C:\Users\gian7\Documents\Oracle_JDK-23"/>
    <property name="file.separator" value="\"/>
    <property name="basedir" value="C:\Users\gian7\Desktop\Beastdeck"/>
    <property name="java.vm.compressedOopsMode" value="Zero based"/>
    <property name="line.separator" value="&#10;"/>
    <property name="java.vm.specification.vendor" value="Oracle Corporation"/>
    <property name="java.specification.name" value="Java Platform API Specification"/>
    <property name="surefire.real.class.path" value="C:\Users\gian7\AppData\Local\Temp\surefire18437480728746846600\surefirebooter15652066211313429764.jar"/>
    <property name="user.script" value=""/>
    <property name="sun.management.compiler" value="HotSpot 64-Bit Tiered Compilers"/>
    <property name="java.runtime.version" value="23.0.2+7-58"/>
    <property name="user.name" value="gian7"/>
    <property name="stdout.encoding" value="Cp1252"/>
    <property name="path.separator" value=";"/>
    <property name="os.version" value="10.0"/>
    <property name="java.runtime.name" value="Java(TM) SE Runtime Environment"/>
    <property name="file.encoding" value="UTF-8"/>
    <property name="java.vm.name" value="Java HotSpot(TM) 64-Bit Server VM"/>
    <property name="maven.ext.class.path" value="C:\Users\gian7\.vscode\extensions\oracle.oracle-java-23.1.0\nbcode\java\maven-nblib\netbeans-eventspy.jar"/>
    <property name="localRepository" value="C:\Users\gian7\.m2\repository"/>
    <property name="java.vendor.url.bug" value="https://bugreport.java.com/bugreport/"/>
    <property name="java.io.tmpdir" value="C:\Users\gian7\AppData\Local\Temp\"/>
    <property name="java.version" value="23.0.2"/>
    <property name="user.dir" value="C:\Users\gian7\Desktop\Beastdeck"/>
    <property name="os.arch" value="amd64"/>
    <property name="java.vm.specification.name" value="Java Virtual Machine Specification"/>
    <property name="sun.os.patch.level" value=""/>
    <property name="native.encoding" value="Cp1252"/>
    <property name="java.library.path" value="C:\Users\gian7\Documents\Oracle_JDK-23\bin;C:\WINDOWS\Sun\Java\bin;C:\WINDOWS\system32;C:\WINDOWS;C:\Program Files (x86)\Common Files\Oracle\Java\java8path;C:\Program Files (x86)\Common Files\Oracle\Java\javapath;C:\Program Files (x86)\NVIDIA Corporation\PhysX\Common;C:\WINDOWS\system32;C:\WINDOWS;C:\WINDOWS\System32\Wbem;C:\WINDOWS\System32\WindowsPowerShell\v1.0\;C:\WINDOWS\System32\OpenSSH\;C:\Program Files\dotnet\;C:\Users\gian7\AppData\Local\Programs\Eclipse Adoptium\jdk-21.0.6.7-hotspot\bin;C:\Users\gian7\AppData\Local\Microsoft\WindowsApps;C:\Users\gian7\AppData\Local\Programs\Microsoft VS Code\bin;C:\Users\gian7\AppData\Local\GitHubDesktop\bin;."/>
    <property name="java.vm.info" value="mixed mode, sharing"/>
    <property name="stderr.encoding" value="Cp1252"/>
    <property name="java.vendor" value="Oracle Corporation"/>
    <property name="java.vm.version" value="23.0.2+7-58"/>
    <property name="sun.io.unicode.encoding" value="UnicodeLittle"/>
    <property name="java.class.version" value="67.0"/>
  </properties>
  <testcase name="habilidadGenericaTest" classname="giancarlo.beastdeck.backend.controller.CombateHabilidadesCTest" time="0.028"/>
  <testcase name="hola" classname="giancarlo.beastdeck.backend.controller.CombateHabilidadesCTest" time="0.001"/>
  <testcase name="habilidad1Test" classname="giancarlo.beastdeck.backend.controller.CombateHabilidadesCTest" time="0"/>
  <testcase name="habilidad2Test" classname="giancarlo.beastdeck.backend.controller.CombateHabilidadesCTest" time="0.001"/>
</testsuite>